<?xml version="1.0" encoding="UTF-8"?>
<!-- Generated by org.testng.reporters.JUnitXMLReporter -->
<testsuite ignored="0" hostname="ThisPc" failures="0" tests="4" name="Test" time="0.092" errors="0" timestamp="2025-01-12T12:03:57 IST">
  <testcase classname="TestNG.TestNg1" name="Test1" time="0.019"/>
  <testcase classname="TestNG.TestNg1" name="Test2" time="0.002"/>
  <testcase classname="TestNG.TestNg2" name="Test3" time="0.004"/>
  <testcase classname="TestNG.TestNg2" name="Test4" time="0.002"/>
</testsuite> <!-- Test -->
