<?xml version="1.0" encoding="UTF-8"?>
<testng-results ignored="0" total="4" passed="4" failed="0" skipped="0">
  <reporter-output>
  </reporter-output>
  <suite started-at="2025-01-12T12:03:57 IST" name="Suite" finished-at="2025-01-12T12:03:57 IST" duration-ms="92">
    <groups>
    </groups>
    <test started-at="2025-01-12T12:03:57 IST" name="Test" finished-at="2025-01-12T12:03:57 IST" duration-ms="92">
      <class name="TestNG.TestNg2">
        <test-method signature="Test3()[pri:0, instance:TestNG.TestNg2@18d87d80]" started-at="2025-01-12T12:03:57 IST" name="Test3" finished-at="2025-01-12T12:03:57 IST" duration-ms="4" status="PASS">
          <reporter-output>
          </reporter-output>
        </test-method> <!-- Test3 -->
        <test-method signature="Test4()[pri:0, instance:TestNG.TestNg2@18d87d80]" started-at="2025-01-12T12:03:57 IST" name="Test4" finished-at="2025-01-12T12:03:57 IST" duration-ms="2" status="PASS">
          <reporter-output>
          </reporter-output>
        </test-method> <!-- Test4 -->
      </class> <!-- TestNG.TestNg2 -->
      <class name="TestNG.TestNg1">
        <test-method signature="Test1()[pri:0, instance:TestNG.TestNg1@f736069]" started-at="2025-01-12T12:03:57 IST" name="Test1" finished-at="2025-01-12T12:03:57 IST" duration-ms="19" status="PASS">
          <reporter-output>
          </reporter-output>
        </test-method> <!-- Test1 -->
        <test-method signature="Test2()[pri:0, instance:TestNG.TestNg1@f736069]" started-at="2025-01-12T12:03:57 IST" name="Test2" finished-at="2025-01-12T12:03:57 IST" duration-ms="2" status="PASS">
          <reporter-output>
          </reporter-output>
        </test-method> <!-- Test2 -->
      </class> <!-- TestNG.TestNg1 -->
    </test> <!-- Test -->
  </suite> <!-- Suite -->
</testng-results>
